#
# A fatal error has been detected by the Java Runtime Environment:
#
#  EXCEPTION_ACCESS_VIOLATION (0xc0000005) at pc=0x00007ffc551940a5, pid=9144, tid=1408
#
# JRE version: OpenJDK Runtime Environment Temurin-11.0.14.1+1 (11.0.14.1+1) (build 11.0.14.1+1)
# Java VM: OpenJDK 64-Bit Server VM Temurin-11.0.14.1+1 (11.0.14.1+1, mixed mode, tiered, compressed oops, g1 gc, windows-amd64)
# Problematic frame:
# V  [jvm.dll+0x5c40a5]
#
# No core dump will be written. Minidumps are not enabled by default on client versions of Windows
#
# If you would like to submit a bug report, please visit:
#   https://github.com/adoptium/adoptium-support/issues
#

---------------  S U M M A R Y ------------

Command Line: -agentlib:jdwp=transport=dt_socket,suspend=y,address=localhost:65468 -javaagent:C:\Users\12108680\eclipse\java-2022-03\eclipse\configuration\org.eclipse.osgi\225\0\.cp\lib\javaagent-shaded.jar -Dfile.encoding=Cp1252 Exercicio1.Faculdade

Host: Intel(R) Core(TM) i7-7700T CPU @ 2.90GHz, 8 cores, 7G,  Windows 10 , 64 bit Build 16299 (10.0.16299.15)
Time: Tue May 24 22:10:27 2022 Hora oficial do Brasil elapsed time: 2112.132226 seconds (0d 0h 35m 12s)

---------------  T H R E A D  ---------------

Current thread (0x00000159ef6d9800):  VMThread "VM Thread" [stack: 0x000000195c900000,0x000000195ca00000] [id=1408]

Stack: [0x000000195c900000,0x000000195ca00000],  sp=0x000000195c9ff4d8,  free space=1021k
Native frames: (J=compiled Java code, j=interpreted, Vv=VM code, C=native code)
V  [jvm.dll+0x5c40a5]


siginfo: EXCEPTION_ACCESS_VIOLATION (0xc0000005), reading address 0x00007ffcca4c2ae8


Register to memory mapping:

RIP=0x00007ffc551940a5 jvm.dll
RAX=0x00007ffcca4c2a80 is an unknown value
RBX=0x0 is NULL
RCX=0x00000159f10f8390 is pointing into metadata
RDX=0x00000159d51ab801 points into unknown readable memory: b0 4e 55 fc 7f 00 00
RSP=0x000000195c9ff4d8 points into unknown readable memory: 0x00007ffc5533885a | 5a 88 33 55 fc 7f 00 00
RBP=0x00007ffc551940a0 jvm.dll
RSI=0x00000159d51ab800 is a thread
RDI=0x0 is NULL
R8 =0x0003833c4307ad26 is an unknown value
R9 =0x0000000000008000 is an unknown value
R10=0x00000159f02b78a0 points into unknown readable memory: 0x00000159f010bf90 | 90 bf 10 f0 59 01 00 00
R11=0x000000195c9ff7d8 points into unknown readable memory: 0x00007ffc55382ab9 | b9 2a 38 55 fc 7f 00 00
R12=0x00007ffc55443558 jvm.dll
R13=0x00007ffc556b2100 jvm.dll
R14=0x00000159ef694a18 points into unknown readable memory: 0x1018b0d786fa7606 | 06 76 fa 86 d7 b0 18 10
R15=0x00000000000003d8 is an unknown value


Registers:
RAX=0x00007ffcca4c2a80, RBX=0x0000000000000000, RCX=0x00000159f10f8390, RDX=0x00000159d51ab801
RSP=0x000000195c9ff4d8, RBP=0x00007ffc551940a0, RSI=0x00000159d51ab800, RDI=0x0000000000000000
R8 =0x0003833c4307ad26, R9 =0x0000000000008000, R10=0x00000159f02b78a0, R11=0x000000195c9ff7d8
R12=0x00007ffc55443558, R13=0x00007ffc556b2100, R14=0x00000159ef694a18, R15=0x00000000000003d8
RIP=0x00007ffc551940a5, EFLAGS=0x0000000000010202

Top of Stack: (sp=0x000000195c9ff4d8)
0x000000195c9ff4d8:   00007ffc5533885a 0000000000000000
0x000000195c9ff4e8:   0000000000000000 00000159f10f8300
0x000000195c9ff4f8:   0000000000000000 000000000000000d
0x000000195c9ff508:   00007ffc5533ae5f 00000159f00155e0
0x000000195c9ff518:   0000000000000000 00000159ef6d9800
0x000000195c9ff528:   00000159f02bb5d0 00007ffc554ec230
0x000000195c9ff538:   00007ffc551940a0 000000195c9ff630
0x000000195c9ff548:   00007ffc55193f6c 0000000000000001
0x000000195c9ff558:   000000195d4ff1f0 00001f8fb0e057d9
0x000000195c9ff568:   00007ffc553427d4 00000159ef694630
0x000000195c9ff578:   00007ffc550b3ad6 000000195d4ff1f0
0x000000195c9ff588:   00007ffc55443558 00000159ef694630
0x000000195c9ff598:   00007ffc5509b4ec 000000195d4ff1d0
0x000000195c9ff5a8:   000000195d4ff1d0 0000000000000000
0x000000195c9ff5b8:   00000159ef6d9800 00000159f0422720
0x000000195c9ff5c8:   000000195d4f0100 0000000000000000 

Instructions: (pc=0x00007ffc551940a5)
0x00007ffc55193fa5:   48 8d 0d f4 00 00 00 e8 2f ab eb ff 48 8b 5c 24
0x00007ffc55193fb5:   30 48 8b c7 48 83 c4 20 5f c3 cc 48 89 5c 24 18
0x00007ffc55193fc5:   55 48 83 ec 20 48 8b 1d 7f 9d 4f 00 48 85 db 74
0x00007ffc55193fd5:   17 48 8b 05 63 9d 4f 00 48 89 83 08 02 00 00 48
0x00007ffc55193fe5:   89 1d 55 9d 4f 00 eb 07 48 8b 1d 4c 9d 4f 00 33
0x00007ffc55193ff5:   ed 48 89 2d 53 9d 4f 00 48 85 db 74 7e 48 89 74
0x00007ffc55194005:   24 30 48 89 7c 24 38 0f 1f 40 00 48 8b b3 00 02
0x00007ffc55194015:   00 00 48 8b fd 48 2b f3 48 c1 ee 03 48 85 f6 74
0x00007ffc55194025:   1e 66 66 0f 1f 84 00 00 00 00 00 48 8b 0c fb 33
0x00007ffc55194035:   d2 48 8b 01 ff 50 68 48 ff c7 48 3b fe 72 ec 48
0x00007ffc55194045:   8b 8b 08 02 00 00 48 89 ab 08 02 00 00 48 89 9b
0x00007ffc55194055:   00 02 00 00 48 8b 05 e8 9c 4f 00 48 89 83 10 02
0x00007ffc55194065:   00 00 48 89 1d da 9c 4f 00 48 8b d9 48 85 c9 75
0x00007ffc55194075:   9a 48 8b 7c 24 38 48 8b 74 24 30 48 8b 5c 24 40
0x00007ffc55194085:   48 89 2d b4 9c 4f 00 48 83 c4 20 5d c3 cc cc cc
0x00007ffc55194095:   cc cc cc cc cc cc cc cc cc cc cc 48 8b 01 b2 01
0x00007ffc551940a5:   48 ff 60 68 cc cc cc cc cc cc cc 40 53 48 83 ec
0x00007ffc551940b5:   20 48 8b 15 93 9c 4f 00 48 8b d9 48 85 d2 74 21
0x00007ffc551940c5:   48 8d 82 00 02 00 00 48 39 00 75 72 48 8b 05 68
0x00007ffc551940d5:   9c 4f 00 48 89 82 08 02 00 00 48 89 15 5a 9c 4f
0x00007ffc551940e5:   00 48 8b 15 5b 9c 4f 00 48 85 d2 74 10 48 8b 82
0x00007ffc551940f5:   10 02 00 00 48 89 05 48 9c 4f 00 eb 3a 45 33 c0
0x00007ffc55194105:   b9 18 02 00 00 41 8d 50 07 e8 fd 53 af ff 48 8b
0x00007ffc55194115:   d0 48 85 c0 74 1f 48 89 80 00 02 00 00 48 c7 80
0x00007ffc55194125:   08 02 00 00 00 00 00 00 48 c7 80 10 02 00 00 00
0x00007ffc55194135:   00 00 00 eb 02 33 d2 48 89 15 0d 9c 4f 00 48 8b
0x00007ffc55194145:   82 00 02 00 00 48 89 18 48 83 82 00 02 00 00 08
0x00007ffc55194155:   48 83 c4 20 5b c3 cc cc cc cc cc 48 89 4c 24 08
0x00007ffc55194165:   48 89 54 24 10 4c 89 44 24 18 4c 89 4c 24 20 48
0x00007ffc55194175:   83 ec 28 4c 8b c1 4c 8d 4c 24 38 48 8d 0d 59 5d
0x00007ffc55194185:   4e 00 ba 01 00 00 00 e8 2f 7b f5 ff 48 83 c4 28
0x00007ffc55194195:   c3 cc cc cc cc cc cc cc cc cc cc 48 89 5c 24 08 


Stack slot to memory mapping:
stack at sp + 0 slots: 0x00007ffc5533885a jvm.dll
stack at sp + 1 slots: 0x0 is NULL
stack at sp + 2 slots: 0x0 is NULL
stack at sp + 3 slots: 0x00000159f10f8300 is pointing into metadata
stack at sp + 4 slots: 0x0 is NULL
stack at sp + 5 slots: 0x000000000000000d is an unknown value
stack at sp + 6 slots: 0x00007ffc5533ae5f jvm.dll
stack at sp + 7 slots: 0x00000159f00155e0 points into unknown readable memory: 0x00000159d51ab800 | 00 b8 1a d5 59 01 00 00

VM_Operation (0x000000195d4ff1f0): RedefineClasses, mode: safepoint, requested by thread 0x00000159f02eb800


---------------  P R O C E S S  ---------------

Threads class SMR info:
_java_thread_list=0x00000159f0422720, length=13, elements={
0x00000159d51ab800, 0x00000159eff21800, 0x00000159eff24000, 0x00000159eff75800,
0x00000159eff76800, 0x00000159eff77800, 0x00000159ef707000, 0x00000159ef70f000,
0x00000159ef711000, 0x00000159ef695000, 0x00000159f02eb800, 0x00000159f02ee800,
0x00000159f0280800
}

Java Threads: ( => current thread )
  0x00000159d51ab800 JavaThread "main" [_thread_blocked, id=11172, stack(0x000000195c300000,0x000000195c400000)]
  0x00000159eff21800 JavaThread "Reference Handler" daemon [_thread_blocked, id=4156, stack(0x000000195ca00000,0x000000195cb00000)]
  0x00000159eff24000 JavaThread "Finalizer" daemon [_thread_blocked, id=8300, stack(0x000000195cb00000,0x000000195cc00000)]
  0x00000159eff75800 JavaThread "Signal Dispatcher" daemon [_thread_blocked, id=2844, stack(0x000000195cc00000,0x000000195cd00000)]
  0x00000159eff76800 JavaThread "Attach Listener" daemon [_thread_blocked, id=12872, stack(0x000000195cd00000,0x000000195ce00000)]
  0x00000159eff77800 JavaThread "Service Thread" daemon [_thread_blocked, id=2852, stack(0x000000195ce00000,0x000000195cf00000)]
  0x00000159ef707000 JavaThread "C2 CompilerThread0" daemon [_thread_blocked, id=10112, stack(0x000000195cf00000,0x000000195d000000)]
  0x00000159ef70f000 JavaThread "C1 CompilerThread0" daemon [_thread_blocked, id=9780, stack(0x000000195d000000,0x000000195d100000)]
  0x00000159ef711000 JavaThread "Sweeper thread" daemon [_thread_blocked, id=8692, stack(0x000000195d100000,0x000000195d200000)]
  0x00000159ef695000 JavaThread "Common-Cleaner" daemon [_thread_blocked, id=7828, stack(0x000000195d200000,0x000000195d300000)]
  0x00000159f02eb800 JavaThread "JDWP Transport Listener: dt_socket" daemon [_thread_blocked, id=12776, stack(0x000000195d400000,0x000000195d500000)]
  0x00000159f02ee800 JavaThread "JDWP Event Helper Thread" daemon [_thread_blocked, id=11660, stack(0x000000195d500000,0x000000195d600000)]
  0x00000159f0280800 JavaThread "JDWP Command Reader" daemon [_thread_in_native, id=3516, stack(0x000000195d600000,0x000000195d700000)]

Other Threads:
=>0x00000159ef6d9800 VMThread "VM Thread" [stack: 0x000000195c900000,0x000000195ca00000] [id=1408]
  0x00000159f02c4000 WatcherThread [stack: 0x000000195d700000,0x000000195d800000] [id=4608]
  0x00000159d51c5000 GCTaskThread "GC Thread#0" [stack: 0x000000195c400000,0x000000195c500000] [id=6900]
  0x00000159d51f8800 ConcurrentGCThread "G1 Main Marker" [stack: 0x000000195c500000,0x000000195c600000] [id=11736]
  0x00000159d51f9800 ConcurrentGCThread "G1 Conc#0" [stack: 0x000000195c600000,0x000000195c700000] [id=6452]
  0x00000159ef542800 ConcurrentGCThread "G1 Refine#0" [stack: 0x000000195c700000,0x000000195c800000] [id=1248]
  0x00000159ef543800 ConcurrentGCThread "G1 Young RemSet Sampling" [stack: 0x000000195c800000,0x000000195c900000] [id=7384]

Threads with active compile tasks:

VM state:at safepoint (normal execution)

VM Mutex/Monitor currently owned by a thread:  ([mutex/lock_event])
[0x00000159d51a72c0] Threads_lock - owner thread: 0x00000159ef6d9800

Heap address: 0x0000000081c00000, size: 2020 MB, Compressed Oops mode: 32-bit
Narrow klass base: 0x0000000000000000, Narrow klass shift: 3
Compressed class space size: 1073741824 Address: 0x0000000100000000

Heap:
 garbage-first heap   total 131072K, used 5120K [0x0000000081c00000, 0x0000000100000000)
  region size 1024K, 6 young (6144K), 0 survivors (0K)
 Metaspace       used 8955K, capacity 9099K, committed 9344K, reserved 1058816K
  class space    used 778K, capacity 837K, committed 896K, reserved 1048576K
Heap Regions: E=young(eden), S=young(survivor), O=old, HS=humongous(starts), HC=humongous(continues), CS=collection set, F=free, A=archive, TAMS=top-at-mark-start (previous, next)
|   0|0x0000000081c00000, 0x0000000081c00000, 0x0000000081d00000|  0%| F|  |TAMS 0x0000000081c00000, 0x0000000081c00000| Untracked 
|   1|0x0000000081d00000, 0x0000000081d00000, 0x0000000081e00000|  0%| F|  |TAMS 0x0000000081d00000, 0x0000000081d00000| Untracked 
|   2|0x0000000081e00000, 0x0000000081e00000, 0x0000000081f00000|  0%| F|  |TAMS 0x0000000081e00000, 0x0000000081e00000| Untracked 
|   3|0x0000000081f00000, 0x0000000081f00000, 0x0000000082000000|  0%| F|  |TAMS 0x0000000081f00000, 0x0000000081f00000| Untracked 
|   4|0x0000000082000000, 0x0000000082000000, 0x0000000082100000|  0%| F|  |TAMS 0x0000000082000000, 0x0000000082000000| Untracked 
|   5|0x0000000082100000, 0x0000000082100000, 0x0000000082200000|  0%| F|  |TAMS 0x0000000082100000, 0x0000000082100000| Untracked 
|   6|0x0000000082200000, 0x0000000082200000, 0x0000000082300000|  0%| F|  |TAMS 0x0000000082200000, 0x0000000082200000| Untracked 
|   7|0x0000000082300000, 0x0000000082300000, 0x0000000082400000|  0%| F|  |TAMS 0x0000000082300000, 0x0000000082300000| Untracked 
|   8|0x0000000082400000, 0x0000000082400000, 0x0000000082500000|  0%| F|  |TAMS 0x0000000082400000, 0x0000000082400000| Untracked 
|   9|0x0000000082500000, 0x0000000082500000, 0x0000000082600000|  0%| F|  |TAMS 0x0000000082500000, 0x0000000082500000| Untracked 
|  10|0x0000000082600000, 0x0000000082600000, 0x0000000082700000|  0%| F|  |TAMS 0x0000000082600000, 0x0000000082600000| Untracked 
|  11|0x0000000082700000, 0x0000000082700000, 0x0000000082800000|  0%| F|  |TAMS 0x0000000082700000, 0x0000000082700000| Untracked 
|  12|0x0000000082800000, 0x0000000082800000, 0x0000000082900000|  0%| F|  |TAMS 0x0000000082800000, 0x0000000082800000| Untracked 
|  13|0x0000000082900000, 0x0000000082900000, 0x0000000082a00000|  0%| F|  |TAMS 0x0000000082900000, 0x0000000082900000| Untracked 
|  14|0x0000000082a00000, 0x0000000082a00000, 0x0000000082b00000|  0%| F|  |TAMS 0x0000000082a00000, 0x0000000082a00000| Untracked 
|  15|0x0000000082b00000, 0x0000000082b00000, 0x0000000082c00000|  0%| F|  |TAMS 0x0000000082b00000, 0x0000000082b00000| Untracked 
|  16|0x0000000082c00000, 0x0000000082c00000, 0x0000000082d00000|  0%| F|  |TAMS 0x0000000082c00000, 0x0000000082c00000| Untracked 
|  17|0x0000000082d00000, 0x0000000082d00000, 0x0000000082e00000|  0%| F|  |TAMS 0x0000000082d00000, 0x0000000082d00000| Untracked 
|  18|0x0000000082e00000, 0x0000000082e00000, 0x0000000082f00000|  0%| F|  |TAMS 0x0000000082e00000, 0x0000000082e00000| Untracked 
|  19|0x0000000082f00000, 0x0000000082f00000, 0x0000000083000000|  0%| F|  |TAMS 0x0000000082f00000, 0x0000000082f00000| Untracked 
|  20|0x0000000083000000, 0x0000000083000000, 0x0000000083100000|  0%| F|  |TAMS 0x0000000083000000, 0x0000000083000000| Untracked 
|  21|0x0000000083100000, 0x0000000083100000, 0x0000000083200000|  0%| F|  |TAMS 0x0000000083100000, 0x0000000083100000| Untracked 
|  22|0x0000000083200000, 0x0000000083200000, 0x0000000083300000|  0%| F|  |TAMS 0x0000000083200000, 0x0000000083200000| Untracked 
|  23|0x0000000083300000, 0x0000000083300000, 0x0000000083400000|  0%| F|  |TAMS 0x0000000083300000, 0x0000000083300000| Untracked 
|  24|0x0000000083400000, 0x0000000083400000, 0x0000000083500000|  0%| F|  |TAMS 0x0000000083400000, 0x0000000083400000| Untracked 
|  25|0x0000000083500000, 0x0000000083500000, 0x0000000083600000|  0%| F|  |TAMS 0x0000000083500000, 0x0000000083500000| Untracked 
|  26|0x0000000083600000, 0x0000000083600000, 0x0000000083700000|  0%| F|  |TAMS 0x0000000083600000, 0x0000000083600000| Untracked 
|  27|0x0000000083700000, 0x0000000083700000, 0x0000000083800000|  0%| F|  |TAMS 0x0000000083700000, 0x0000000083700000| Untracked 
|  28|0x0000000083800000, 0x0000000083800000, 0x0000000083900000|  0%| F|  |TAMS 0x0000000083800000, 0x0000000083800000| Untracked 
|  29|0x0000000083900000, 0x0000000083900000, 0x0000000083a00000|  0%| F|  |TAMS 0x0000000083900000, 0x0000000083900000| Untracked 
|  30|0x0000000083a00000, 0x0000000083a00000, 0x0000000083b00000|  0%| F|  |TAMS 0x0000000083a00000, 0x0000000083a00000| Untracked 
|  31|0x0000000083b00000, 0x0000000083b00000, 0x0000000083c00000|  0%| F|  |TAMS 0x0000000083b00000, 0x0000000083b00000| Untracked 
|  32|0x0000000083c00000, 0x0000000083c00000, 0x0000000083d00000|  0%| F|  |TAMS 0x0000000083c00000, 0x0000000083c00000| Untracked 
|  33|0x0000000083d00000, 0x0000000083d00000, 0x0000000083e00000|  0%| F|  |TAMS 0x0000000083d00000, 0x0000000083d00000| Untracked 
|  34|0x0000000083e00000, 0x0000000083e00000, 0x0000000083f00000|  0%| F|  |TAMS 0x0000000083e00000, 0x0000000083e00000| Untracked 
|  35|0x0000000083f00000, 0x0000000083f00000, 0x0000000084000000|  0%| F|  |TAMS 0x0000000083f00000, 0x0000000083f00000| Untracked 
|  36|0x0000000084000000, 0x0000000084000000, 0x0000000084100000|  0%| F|  |TAMS 0x0000000084000000, 0x0000000084000000| Untracked 
|  37|0x0000000084100000, 0x0000000084100000, 0x0000000084200000|  0%| F|  |TAMS 0x0000000084100000, 0x0000000084100000| Untracked 
|  38|0x0000000084200000, 0x0000000084200000, 0x0000000084300000|  0%| F|  |TAMS 0x0000000084200000, 0x0000000084200000| Untracked 
|  39|0x0000000084300000, 0x0000000084300000, 0x0000000084400000|  0%| F|  |TAMS 0x0000000084300000, 0x0000000084300000| Untracked 
|  40|0x0000000084400000, 0x0000000084400000, 0x0000000084500000|  0%| F|  |TAMS 0x0000000084400000, 0x0000000084400000| Untracked 
|  41|0x0000000084500000, 0x0000000084500000, 0x0000000084600000|  0%| F|  |TAMS 0x0000000084500000, 0x0000000084500000| Untracked 
|  42|0x0000000084600000, 0x0000000084600000, 0x0000000084700000|  0%| F|  |TAMS 0x0000000084600000, 0x0000000084600000| Untracked 
|  43|0x0000000084700000, 0x0000000084700000, 0x0000000084800000|  0%| F|  |TAMS 0x0000000084700000, 0x0000000084700000| Untracked 
|  44|0x0000000084800000, 0x0000000084800000, 0x0000000084900000|  0%| F|  |TAMS 0x0000000084800000, 0x0000000084800000| Untracked 
|  45|0x0000000084900000, 0x0000000084900000, 0x0000000084a00000|  0%| F|  |TAMS 0x0000000084900000, 0x0000000084900000| Untracked 
|  46|0x0000000084a00000, 0x0000000084a00000, 0x0000000084b00000|  0%| F|  |TAMS 0x0000000084a00000, 0x0000000084a00000| Untracked 
|  47|0x0000000084b00000, 0x0000000084b00000, 0x0000000084c00000|  0%| F|  |TAMS 0x0000000084b00000, 0x0000000084b00000| Untracked 
|  48|0x0000000084c00000, 0x0000000084c00000, 0x0000000084d00000|  0%| F|  |TAMS 0x0000000084c00000, 0x0000000084c00000| Untracked 
|  49|0x0000000084d00000, 0x0000000084d00000, 0x0000000084e00000|  0%| F|  |TAMS 0x0000000084d00000, 0x0000000084d00000| Untracked 
|  50|0x0000000084e00000, 0x0000000084e00000, 0x0000000084f00000|  0%| F|  |TAMS 0x0000000084e00000, 0x0000000084e00000| Untracked 
|  51|0x0000000084f00000, 0x0000000084f00000, 0x0000000085000000|  0%| F|  |TAMS 0x0000000084f00000, 0x0000000084f00000| Untracked 
|  52|0x0000000085000000, 0x0000000085000000, 0x0000000085100000|  0%| F|  |TAMS 0x0000000085000000, 0x0000000085000000| Untracked 
|  53|0x0000000085100000, 0x0000000085100000, 0x0000000085200000|  0%| F|  |TAMS 0x0000000085100000, 0x0000000085100000| Untracked 
|  54|0x0000000085200000, 0x0000000085200000, 0x0000000085300000|  0%| F|  |TAMS 0x0000000085200000, 0x0000000085200000| Untracked 
|  55|0x0000000085300000, 0x0000000085300000, 0x0000000085400000|  0%| F|  |TAMS 0x0000000085300000, 0x0000000085300000| Untracked 
|  56|0x0000000085400000, 0x0000000085400000, 0x0000000085500000|  0%| F|  |TAMS 0x0000000085400000, 0x0000000085400000| Untracked 
|  57|0x0000000085500000, 0x0000000085500000, 0x0000000085600000|  0%| F|  |TAMS 0x0000000085500000, 0x0000000085500000| Untracked 
|  58|0x0000000085600000, 0x0000000085600000, 0x0000000085700000|  0%| F|  |TAMS 0x0000000085600000, 0x0000000085600000| Untracked 
|  59|0x0000000085700000, 0x0000000085700000, 0x0000000085800000|  0%| F|  |TAMS 0x0000000085700000, 0x0000000085700000| Untracked 
|  60|0x0000000085800000, 0x0000000085800000, 0x0000000085900000|  0%| F|  |TAMS 0x0000000085800000, 0x0000000085800000| Untracked 
|  61|0x0000000085900000, 0x0000000085900000, 0x0000000085a00000|  0%| F|  |TAMS 0x0000000085900000, 0x0000000085900000| Untracked 
|  62|0x0000000085a00000, 0x0000000085a00000, 0x0000000085b00000|  0%| F|  |TAMS 0x0000000085a00000, 0x0000000085a00000| Untracked 
|  63|0x0000000085b00000, 0x0000000085b00000, 0x0000000085c00000|  0%| F|  |TAMS 0x0000000085b00000, 0x0000000085b00000| Untracked 
|  64|0x0000000085c00000, 0x0000000085c00000, 0x0000000085d00000|  0%| F|  |TAMS 0x0000000085c00000, 0x0000000085c00000| Untracked 
|  65|0x0000000085d00000, 0x0000000085d00000, 0x0000000085e00000|  0%| F|  |TAMS 0x0000000085d00000, 0x0000000085d00000| Untracked 
|  66|0x0000000085e00000, 0x0000000085e00000, 0x0000000085f00000|  0%| F|  |TAMS 0x0000000085e00000, 0x0000000085e00000| Untracked 
|  67|0x0000000085f00000, 0x0000000085f00000, 0x0000000086000000|  0%| F|  |TAMS 0x0000000085f00000, 0x0000000085f00000| Untracked 
|  68|0x0000000086000000, 0x0000000086000000, 0x0000000086100000|  0%| F|  |TAMS 0x0000000086000000, 0x0000000086000000| Untracked 
|  69|0x0000000086100000, 0x0000000086100000, 0x0000000086200000|  0%| F|  |TAMS 0x0000000086100000, 0x0000000086100000| Untracked 
|  70|0x0000000086200000, 0x0000000086200000, 0x0000000086300000|  0%| F|  |TAMS 0x0000000086200000, 0x0000000086200000| Untracked 
|  71|0x0000000086300000, 0x0000000086300000, 0x0000000086400000|  0%| F|  |TAMS 0x0000000086300000, 0x0000000086300000| Untracked 
|  72|0x0000000086400000, 0x0000000086400000, 0x0000000086500000|  0%| F|  |TAMS 0x0000000086400000, 0x0000000086400000| Untracked 
|  73|0x0000000086500000, 0x0000000086500000, 0x0000000086600000|  0%| F|  |TAMS 0x0000000086500000, 0x0000000086500000| Untracked 
|  74|0x0000000086600000, 0x0000000086600000, 0x0000000086700000|  0%| F|  |TAMS 0x0000000086600000, 0x0000000086600000| Untracked 
|  75|0x0000000086700000, 0x0000000086700000, 0x0000000086800000|  0%| F|  |TAMS 0x0000000086700000, 0x0000000086700000| Untracked 
|  76|0x0000000086800000, 0x0000000086800000, 0x0000000086900000|  0%| F|  |TAMS 0x0000000086800000, 0x0000000086800000| Untracked 
|  77|0x0000000086900000, 0x0000000086900000, 0x0000000086a00000|  0%| F|  |TAMS 0x0000000086900000, 0x0000000086900000| Untracked 
|  78|0x0000000086a00000, 0x0000000086a00000, 0x0000000086b00000|  0%| F|  |TAMS 0x0000000086a00000, 0x0000000086a00000| Untracked 
|  79|0x0000000086b00000, 0x0000000086b00000, 0x0000000086c00000|  0%| F|  |TAMS 0x0000000086b00000, 0x0000000086b00000| Untracked 
|  80|0x0000000086c00000, 0x0000000086c00000, 0x0000000086d00000|  0%| F|  |TAMS 0x0000000086c00000, 0x0000000086c00000| Untracked 
|  81|0x0000000086d00000, 0x0000000086d00000, 0x0000000086e00000|  0%| F|  |TAMS 0x0000000086d00000, 0x0000000086d00000| Untracked 
|  82|0x0000000086e00000, 0x0000000086e00000, 0x0000000086f00000|  0%| F|  |TAMS 0x0000000086e00000, 0x0000000086e00000| Untracked 
|  83|0x0000000086f00000, 0x0000000086f00000, 0x0000000087000000|  0%| F|  |TAMS 0x0000000086f00000, 0x0000000086f00000| Untracked 
|  84|0x0000000087000000, 0x0000000087000000, 0x0000000087100000|  0%| F|  |TAMS 0x0000000087000000, 0x0000000087000000| Untracked 
|  85|0x0000000087100000, 0x0000000087100000, 0x0000000087200000|  0%| F|  |TAMS 0x0000000087100000, 0x0000000087100000| Untracked 
|  86|0x0000000087200000, 0x0000000087200000, 0x0000000087300000|  0%| F|  |TAMS 0x0000000087200000, 0x0000000087200000| Untracked 
|  87|0x0000000087300000, 0x0000000087300000, 0x0000000087400000|  0%| F|  |TAMS 0x0000000087300000, 0x0000000087300000| Untracked 
|  88|0x0000000087400000, 0x0000000087400000, 0x0000000087500000|  0%| F|  |TAMS 0x0000000087400000, 0x0000000087400000| Untracked 
|  89|0x0000000087500000, 0x0000000087500000, 0x0000000087600000|  0%| F|  |TAMS 0x0000000087500000, 0x0000000087500000| Untracked 
|  90|0x0000000087600000, 0x0000000087600000, 0x0000000087700000|  0%| F|  |TAMS 0x0000000087600000, 0x0000000087600000| Untracked 
|  91|0x0000000087700000, 0x0000000087700000, 0x0000000087800000|  0%| F|  |TAMS 0x0000000087700000, 0x0000000087700000| Untracked 
|  92|0x0000000087800000, 0x0000000087800000, 0x0000000087900000|  0%| F|  |TAMS 0x0000000087800000, 0x0000000087800000| Untracked 
|  93|0x0000000087900000, 0x0000000087900000, 0x0000000087a00000|  0%| F|  |TAMS 0x0000000087900000, 0x0000000087900000| Untracked 
|  94|0x0000000087a00000, 0x0000000087a00000, 0x0000000087b00000|  0%| F|  |TAMS 0x0000000087a00000, 0x0000000087a00000| Untracked 
|  95|0x0000000087b00000, 0x0000000087b00000, 0x0000000087c00000|  0%| F|  |TAMS 0x0000000087b00000, 0x0000000087b00000| Untracked 
|  96|0x0000000087c00000, 0x0000000087c00000, 0x0000000087d00000|  0%| F|  |TAMS 0x0000000087c00000, 0x0000000087c00000| Untracked 
|  97|0x0000000087d00000, 0x0000000087d00000, 0x0000000087e00000|  0%| F|  |TAMS 0x0000000087d00000, 0x0000000087d00000| Untracked 
|  98|0x0000000087e00000, 0x0000000087e00000, 0x0000000087f00000|  0%| F|  |TAMS 0x0000000087e00000, 0x0000000087e00000| Untracked 
|  99|0x0000000087f00000, 0x0000000087f00000, 0x0000000088000000|  0%| F|  |TAMS 0x0000000087f00000, 0x0000000087f00000| Untracked 
| 100|0x0000000088000000, 0x0000000088000000, 0x0000000088100000|  0%| F|  |TAMS 0x0000000088000000, 0x0000000088000000| Untracked 
| 101|0x0000000088100000, 0x0000000088100000, 0x0000000088200000|  0%| F|  |TAMS 0x0000000088100000, 0x0000000088100000| Untracked 
| 102|0x0000000088200000, 0x0000000088200000, 0x0000000088300000|  0%| F|  |TAMS 0x0000000088200000, 0x0000000088200000| Untracked 
| 103|0x0000000088300000, 0x0000000088300000, 0x0000000088400000|  0%| F|  |TAMS 0x0000000088300000, 0x0000000088300000| Untracked 
| 104|0x0000000088400000, 0x0000000088400000, 0x0000000088500000|  0%| F|  |TAMS 0x0000000088400000, 0x0000000088400000| Untracked 
| 105|0x0000000088500000, 0x0000000088500000, 0x0000000088600000|  0%| F|  |TAMS 0x0000000088500000, 0x0000000088500000| Untracked 
| 106|0x0000000088600000, 0x0000000088600000, 0x0000000088700000|  0%| F|  |TAMS 0x0000000088600000, 0x0000000088600000| Untracked 
| 107|0x0000000088700000, 0x0000000088700000, 0x0000000088800000|  0%| F|  |TAMS 0x0000000088700000, 0x0000000088700000| Untracked 
| 108|0x0000000088800000, 0x0000000088800000, 0x0000000088900000|  0%| F|  |TAMS 0x0000000088800000, 0x0000000088800000| Untracked 
| 109|0x0000000088900000, 0x0000000088900000, 0x0000000088a00000|  0%| F|  |TAMS 0x0000000088900000, 0x0000000088900000| Untracked 
| 110|0x0000000088a00000, 0x0000000088a00000, 0x0000000088b00000|  0%| F|  |TAMS 0x0000000088a00000, 0x0000000088a00000| Untracked 
| 111|0x0000000088b00000, 0x0000000088b00000, 0x0000000088c00000|  0%| F|  |TAMS 0x0000000088b00000, 0x0000000088b00000| Untracked 
| 112|0x0000000088c00000, 0x0000000088c00000, 0x0000000088d00000|  0%| F|  |TAMS 0x0000000088c00000, 0x0000000088c00000| Untracked 
| 113|0x0000000088d00000, 0x0000000088d00000, 0x0000000088e00000|  0%| F|  |TAMS 0x0000000088d00000, 0x0000000088d00000| Untracked 
| 114|0x0000000088e00000, 0x0000000088e00000, 0x0000000088f00000|  0%| F|  |TAMS 0x0000000088e00000, 0x0000000088e00000| Untracked 
| 115|0x0000000088f00000, 0x0000000088f00000, 0x0000000089000000|  0%| F|  |TAMS 0x0000000088f00000, 0x0000000088f00000| Untracked 
| 116|0x0000000089000000, 0x0000000089000000, 0x0000000089100000|  0%| F|  |TAMS 0x0000000089000000, 0x0000000089000000| Untracked 
| 117|0x0000000089100000, 0x0000000089100000, 0x0000000089200000|  0%| F|  |TAMS 0x0000000089100000, 0x0000000089100000| Untracked 
| 118|0x0000000089200000, 0x0000000089200000, 0x0000000089300000|  0%| F|  |TAMS 0x0000000089200000, 0x0000000089200000| Untracked 
| 119|0x0000000089300000, 0x0000000089300000, 0x0000000089400000|  0%| F|  |TAMS 0x0000000089300000, 0x0000000089300000| Untracked 
| 120|0x0000000089400000, 0x0000000089400000, 0x0000000089500000|  0%| F|  |TAMS 0x0000000089400000, 0x0000000089400000| Untracked 
| 121|0x0000000089500000, 0x0000000089500000, 0x0000000089600000|  0%| F|  |TAMS 0x0000000089500000, 0x0000000089500000| Untracked 
| 122|0x0000000089600000, 0x000000008967b638, 0x0000000089700000| 48%| E|  |TAMS 0x0000000089600000, 0x0000000089600000| Complete 
| 123|0x0000000089700000, 0x0000000089800000, 0x0000000089800000|100%| E|CS|TAMS 0x0000000089700000, 0x0000000089700000| Complete 
| 124|0x0000000089800000, 0x0000000089900000, 0x0000000089900000|100%| E|CS|TAMS 0x0000000089800000, 0x0000000089800000| Complete 
| 125|0x0000000089900000, 0x0000000089a00000, 0x0000000089a00000|100%| E|CS|TAMS 0x0000000089900000, 0x0000000089900000| Complete 
| 126|0x0000000089a00000, 0x0000000089b00000, 0x0000000089b00000|100%| E|CS|TAMS 0x0000000089a00000, 0x0000000089a00000| Complete 
| 127|0x0000000089b00000, 0x0000000089c00000, 0x0000000089c00000|100%| E|CS|TAMS 0x0000000089b00000, 0x0000000089b00000| Complete 

Card table byte_map: [0x00000159e8580000,0x00000159e8980000] _byte_map_base: 0x00000159e8172000

Marking Bits (Prev, Next): (CMBitMap*) 0x00000159d51ef9c8, (CMBitMap*) 0x00000159d51efa00
 Prev Bits: [0x00000159e8d80000, 0x00000159ead10000)
 Next Bits: [0x00000159ead10000, 0x00000159ecca0000)

Polling page: 0x00000159d2f40000

Metaspace:

Usage:
  Non-class:      8.07 MB capacity,     7.99 MB ( 99%) used,    78.25 KB ( <1%) free+waste,     6.94 KB ( <1%) overhead. 
      Class:    837.00 KB capacity,   778.34 KB ( 93%) used,    55.97 KB (  7%) free+waste,     2.69 KB ( <1%) overhead. 
       Both:      8.89 MB capacity,     8.75 MB ( 98%) used,   134.22 KB (  1%) free+waste,     9.63 KB ( <1%) overhead. 

Virtual space:
  Non-class space:       10.00 MB reserved,       8.25 MB ( 83%) committed 
      Class space:        1.00 GB reserved,     896.00 KB ( <1%) committed 
             Both:        1.01 GB reserved,       9.13 MB ( <1%) committed 

Chunk freelists:
   Non-Class:  58.00 KB
       Class:  27.00 KB
        Both:  85.00 KB

MaxMetaspaceSize: 17179869184.00 GB
CompressedClassSpaceSize: 1.00 GB
Initial GC threshold: 20.80 MB
Current GC threshold: 20.80 MB
CDS: off

CodeHeap 'non-profiled nmethods': size=120000Kb used=116Kb max_used=116Kb free=119884Kb
 bounds [0x00000159e0920000, 0x00000159e0b90000, 0x00000159e7e50000]
CodeHeap 'profiled nmethods': size=120000Kb used=549Kb max_used=549Kb free=119450Kb
 bounds [0x00000159d93f0000, 0x00000159d9660000, 0x00000159e0920000]
CodeHeap 'non-nmethods': size=5760Kb used=1189Kb max_used=1200Kb free=4570Kb
 bounds [0x00000159d8e50000, 0x00000159d90c0000, 0x00000159d93f0000]
 total_blobs=766 nmethods=407 adapters=280
 compilation: enabled
              stopped_count=0, restarted_count=0
 full_count=0

Compilation events (20 events):
Event: 0.332 Thread 0x00000159ef70f000 nmethod 398 0x00000159e093c190 code [0x00000159e093c340, 0x00000159e093c3f8]
Event: 0.332 Thread 0x00000159ef70f000  399       1       java.security.Provider$Service::getProvider (5 bytes)
Event: 0.332 Thread 0x00000159ef70f000 nmethod 399 0x00000159e093c490 code [0x00000159e093c640, 0x00000159e093c6f8]
Event: 0.332 Thread 0x00000159ef707000 nmethod 397 0x00000159e093c790 code [0x00000159e093c940, 0x00000159e093ca28]
Event: 0.334 Thread 0x00000159ef707000  400       4       java.util.Arrays::copyOfRange (63 bytes)
Event: 0.334 Thread 0x00000159ef70f000  401       3       java.util.ArrayList::get (15 bytes)
Event: 0.334 Thread 0x00000159ef70f000 nmethod 401 0x00000159d9475490 code [0x00000159d94756c0, 0x00000159d9475e48]
Event: 0.335 Thread 0x00000159ef70f000  402       3       java.util.Objects::checkIndex (7 bytes)
Event: 0.335 Thread 0x00000159ef70f000 nmethod 402 0x00000159d9476110 code [0x00000159d9476320, 0x00000159d9476988]
Event: 0.335 Thread 0x00000159ef70f000  403       3       sun.security.x509.X509CertImpl::getEncodedInternal (22 bytes)
Event: 0.335 Thread 0x00000159ef70f000 nmethod 403 0x00000159d9476c10 code [0x00000159d9476de0, 0x00000159d9476fa8]
Event: 0.336 Thread 0x00000159ef707000 nmethod 400 0x00000159e093cb10 code [0x00000159e093cca0, 0x00000159e093ceb8]
Event: 0.336 Thread 0x00000159ef70f000  404       3       sun.security.x509.X509CertImpl::getEncodedInternal (20 bytes)
Event: 0.336 Thread 0x00000159ef70f000 nmethod 404 0x00000159d9477090 code [0x00000159d9477280, 0x00000159d9477798]
Event: 0.336 Thread 0x00000159ef70f000  405   !   3       java.security.cert.Certificate::equals (38 bytes)
Event: 0.336 Thread 0x00000159ef70f000 nmethod 405 0x00000159d9477910 code [0x00000159d9477ba0, 0x00000159d94788a8]
Event: 0.337 Thread 0x00000159ef70f000  406       3       java.lang.String::replace (42 bytes)
Event: 0.337 Thread 0x00000159ef70f000 nmethod 406 0x00000159d9478d90 code [0x00000159d9478f60, 0x00000159d9479298]
Event: 113.255 Thread 0x00000159ef70f000  407       3       org.eclipse.jdt.launching.internal.org.objectweb.asm.ClassReader::readUnsignedShort (26 bytes)
Event: 113.255 Thread 0x00000159ef70f000 nmethod 407 0x00000159d9479390 code [0x00000159d9479540, 0x00000159d9479698]

GC Heap History (0 events):
No events

Deoptimization events (20 events):
Event: 0.326 Thread 0x00000159d51ab800 DEOPT PACKING pc=0x00000159d9464f78 sp=0x000000195c3fa540
Event: 0.326 Thread 0x00000159d51ab800 DEOPT UNPACKING pc=0x00000159d8e9a95e sp=0x000000195c3f99a8 mode 0
Event: 0.327 Thread 0x00000159d51ab800 DEOPT PACKING pc=0x00000159d9464f78 sp=0x000000195c3fa540
Event: 0.327 Thread 0x00000159d51ab800 DEOPT UNPACKING pc=0x00000159d8e9a95e sp=0x000000195c3f99a8 mode 0
Event: 0.327 Thread 0x00000159d51ab800 DEOPT PACKING pc=0x00000159d9464f78 sp=0x000000195c3fa540
Event: 0.327 Thread 0x00000159d51ab800 DEOPT UNPACKING pc=0x00000159d8e9a95e sp=0x000000195c3f99a8 mode 0
Event: 0.328 Thread 0x00000159d51ab800 DEOPT PACKING pc=0x00000159d9464f78 sp=0x000000195c3fa540
Event: 0.328 Thread 0x00000159d51ab800 DEOPT UNPACKING pc=0x00000159d8e9a95e sp=0x000000195c3f99a8 mode 0
Event: 0.328 Thread 0x00000159d51ab800 DEOPT PACKING pc=0x00000159d9464f78 sp=0x000000195c3fa540
Event: 0.328 Thread 0x00000159d51ab800 DEOPT UNPACKING pc=0x00000159d8e9a95e sp=0x000000195c3f99a8 mode 0
Event: 0.328 Thread 0x00000159d51ab800 DEOPT PACKING pc=0x00000159d9464f78 sp=0x000000195c3fa540
Event: 0.328 Thread 0x00000159d51ab800 DEOPT UNPACKING pc=0x00000159d8e9a95e sp=0x000000195c3f99a8 mode 0
Event: 0.328 Thread 0x00000159d51ab800 DEOPT PACKING pc=0x00000159d9464f78 sp=0x000000195c3fa540
Event: 0.328 Thread 0x00000159d51ab800 DEOPT UNPACKING pc=0x00000159d8e9a95e sp=0x000000195c3f99a8 mode 0
Event: 0.330 Thread 0x00000159d51ab800 DEOPT PACKING pc=0x00000159d9464f78 sp=0x000000195c3fb8c0
Event: 0.330 Thread 0x00000159d51ab800 DEOPT UNPACKING pc=0x00000159d8e9a95e sp=0x000000195c3fad28 mode 0
Event: 0.330 Thread 0x00000159d51ab800 DEOPT PACKING pc=0x00000159d9464f78 sp=0x000000195c3fb8c0
Event: 0.330 Thread 0x00000159d51ab800 DEOPT UNPACKING pc=0x00000159d8e9a95e sp=0x000000195c3fad28 mode 0
Event: 0.330 Thread 0x00000159d51ab800 DEOPT PACKING pc=0x00000159d9464f78 sp=0x000000195c3fb8c0
Event: 0.330 Thread 0x00000159d51ab800 DEOPT UNPACKING pc=0x00000159d8e9a95e sp=0x000000195c3fad28 mode 0

Classes redefined (2 events):
Event: 27.220 Thread 0x00000159ef6d9800 redefined class name=Exercicio1.Faculdade, count=1
Event: 113.256 Thread 0x00000159ef6d9800 redefined class name=Exercicio1.Faculdade, count=2

Internal exceptions (0 events):
No events

Events (20 events):
Event: 1.000 Executing VM operation: GetOwnedMonitorInfo done
Event: 1.001 Executing VM operation: GetCurrentContendedMonitor
Event: 1.001 Executing VM operation: GetCurrentContendedMonitor done
Event: 27.219 Executing VM operation: RedefineClasses
Event: 27.220 Executing VM operation: RedefineClasses done
Event: 27.222 Executing VM operation: ChangeBreakpoints
Event: 27.222 Executing VM operation: ChangeBreakpoints done
Event: 27.223 Executing VM operation: GetFrameCount
Event: 27.223 Executing VM operation: GetFrameCount done
Event: 27.223 Executing VM operation: GetStackTrace
Event: 27.223 Executing VM operation: GetStackTrace done
Event: 113.255 Executing VM operation: RedefineClasses
Event: 113.257 Executing VM operation: RedefineClasses done
Event: 113.260 Executing VM operation: ChangeBreakpoints
Event: 113.260 Executing VM operation: ChangeBreakpoints done
Event: 113.261 Executing VM operation: GetFrameCount
Event: 113.261 Executing VM operation: GetFrameCount done
Event: 113.261 Executing VM operation: GetStackTrace
Event: 113.261 Executing VM operation: GetStackTrace done
Event: 2112.060 Executing VM operation: RedefineClasses


Dynamic libraries:
0x00007ff7e12b0000 - 0x00007ff7e12bd000 	C:\Users\12108680\.p2\pool\plugins\org.eclipse.justj.openjdk.hotspot.jre.full.win32.x86_64_11.0.14.v20220314-1349\jre\bin\javaw.exe
0x00007ffc8abd0000 - 0x00007ffc8adb0000 	C:\Windows\SYSTEM32\ntdll.dll
0x00007ffc89ea0000 - 0x00007ffc89f4e000 	C:\Windows\System32\KERNEL32.DLL
0x00007ffc87100000 - 0x00007ffc87366000 	C:\Windows\System32\KERNELBASE.dll
0x00007ffc87f50000 - 0x00007ffc88046000 	C:\Windows\System32\ucrtbase.dll
0x00007ffc783f0000 - 0x00007ffc78407000 	C:\Users\12108680\.p2\pool\plugins\org.eclipse.justj.openjdk.hotspot.jre.full.win32.x86_64_11.0.14.v20220314-1349\jre\bin\jli.dll
0x00007ffc77040000 - 0x00007ffc77055000 	C:\Users\12108680\.p2\pool\plugins\org.eclipse.justj.openjdk.hotspot.jre.full.win32.x86_64_11.0.14.v20220314-1349\jre\bin\VCRUNTIME140.dll
0x00007ffc8a0f0000 - 0x00007ffc8a27e000 	C:\Windows\System32\USER32.dll
0x00007ffc870e0000 - 0x00007ffc87100000 	C:\Windows\System32\win32u.dll
0x00007ffc79c50000 - 0x00007ffc79eb9000 	C:\Windows\WinSxS\amd64_microsoft.windows.common-controls_6595b64144ccf1df_6.0.16299.15_none_cc92fb402215d91d\COMCTL32.dll
0x00007ffc8a0c0000 - 0x00007ffc8a0e8000 	C:\Windows\System32\GDI32.dll
0x00007ffc89980000 - 0x00007ffc89a1d000 	C:\Windows\System32\msvcrt.dll
0x00007ffc87db0000 - 0x00007ffc87f41000 	C:\Windows\System32\gdi32full.dll
0x00007ffc8a890000 - 0x00007ffc8ab98000 	C:\Windows\System32\combase.dll
0x00007ffc87d10000 - 0x00007ffc87dab000 	C:\Windows\System32\msvcp_win.dll
0x00007ffc89a20000 - 0x00007ffc89b3f000 	C:\Windows\System32\RPCRT4.dll
0x00007ffc87c90000 - 0x00007ffc87d02000 	C:\Windows\System32\bcryptPrimitives.dll
0x00007ffc89b40000 - 0x00007ffc89b6d000 	C:\Windows\System32\IMM32.DLL
0x00007ffc769e0000 - 0x00007ffc76a7b000 	C:\Users\12108680\.p2\pool\plugins\org.eclipse.justj.openjdk.hotspot.jre.full.win32.x86_64_11.0.14.v20220314-1349\jre\bin\msvcp140.dll
0x00007ffc54bd0000 - 0x00007ffc55751000 	C:\Users\12108680\.p2\pool\plugins\org.eclipse.justj.openjdk.hotspot.jre.full.win32.x86_64_11.0.14.v20220314-1349\jre\bin\server\jvm.dll
0x00007ffc89df0000 - 0x00007ffc89e91000 	C:\Windows\System32\ADVAPI32.dll
0x00007ffc8a060000 - 0x00007ffc8a0bb000 	C:\Windows\System32\sechost.dll
0x00007ffc8a2e0000 - 0x00007ffc8a2e8000 	C:\Windows\System32\PSAPI.DLL
0x00007ffc7a0c0000 - 0x00007ffc7a0c9000 	C:\Windows\SYSTEM32\WSOCK32.dll
0x00007ffc7c9e0000 - 0x00007ffc7c9ea000 	C:\Windows\SYSTEM32\VERSION.dll
0x00007ffc85320000 - 0x00007ffc85343000 	C:\Windows\SYSTEM32\WINMM.dll
0x00007ffc89f60000 - 0x00007ffc89fcc000 	C:\Windows\System32\WS2_32.dll
0x00007ffc852b0000 - 0x00007ffc852da000 	C:\Windows\SYSTEM32\winmmbase.dll
0x00007ffc88050000 - 0x00007ffc8809a000 	C:\Windows\System32\cfgmgr32.dll
0x00007ffc86f20000 - 0x00007ffc86f31000 	C:\Windows\System32\kernel.appcore.dll
0x00007ffc7d710000 - 0x00007ffc7d720000 	C:\Users\12108680\.p2\pool\plugins\org.eclipse.justj.openjdk.hotspot.jre.full.win32.x86_64_11.0.14.v20220314-1349\jre\bin\verify.dll
0x00007ffc79ec0000 - 0x00007ffc7a088000 	C:\Windows\SYSTEM32\DBGHELP.DLL
0x00007ffc79c20000 - 0x00007ffc79c49000 	C:\Windows\SYSTEM32\dbgcore.DLL
0x00007ffc58d40000 - 0x00007ffc58d68000 	C:\Users\12108680\.p2\pool\plugins\org.eclipse.justj.openjdk.hotspot.jre.full.win32.x86_64_11.0.14.v20220314-1349\jre\bin\java.dll
0x00007ffc775b0000 - 0x00007ffc775ba000 	C:\Users\12108680\.p2\pool\plugins\org.eclipse.justj.openjdk.hotspot.jre.full.win32.x86_64_11.0.14.v20220314-1349\jre\bin\jimage.dll
0x00007ffc77000000 - 0x00007ffc77038000 	C:\Users\12108680\.p2\pool\plugins\org.eclipse.justj.openjdk.hotspot.jre.full.win32.x86_64_11.0.14.v20220314-1349\jre\bin\jdwp.dll
0x00007ffc7d110000 - 0x00007ffc7d11e000 	C:\Users\12108680\.p2\pool\plugins\org.eclipse.justj.openjdk.hotspot.jre.full.win32.x86_64_11.0.14.v20220314-1349\jre\bin\instrument.dll
0x00007ffc76950000 - 0x00007ffc76968000 	C:\Users\12108680\.p2\pool\plugins\org.eclipse.justj.openjdk.hotspot.jre.full.win32.x86_64_11.0.14.v20220314-1349\jre\bin\zip.dll
0x00007ffc881c0000 - 0x00007ffc895f7000 	C:\Windows\System32\SHELL32.dll
0x00007ffc897a0000 - 0x00007ffc89846000 	C:\Windows\System32\shcore.dll
0x00007ffc87370000 - 0x00007ffc87ab7000 	C:\Windows\System32\windows.storage.dll
0x00007ffc8a280000 - 0x00007ffc8a2d1000 	C:\Windows\System32\shlwapi.dll
0x00007ffc86f80000 - 0x00007ffc86fcc000 	C:\Windows\System32\powrprof.dll
0x00007ffc86f60000 - 0x00007ffc86f7b000 	C:\Windows\System32\profapi.dll
0x00007ffc78780000 - 0x00007ffc7878a000 	C:\Users\12108680\.p2\pool\plugins\org.eclipse.justj.openjdk.hotspot.jre.full.win32.x86_64_11.0.14.v20220314-1349\jre\bin\dt_socket.dll
0x00007ffc867b0000 - 0x00007ffc86816000 	C:\Windows\System32\mswsock.dll
0x00007ffc86580000 - 0x00007ffc86636000 	C:\Windows\SYSTEM32\DNSAPI.dll
0x00007ffc89f50000 - 0x00007ffc89f58000 	C:\Windows\System32\NSI.dll
0x00007ffc86530000 - 0x00007ffc86569000 	C:\Windows\SYSTEM32\IPHLPAPI.DLL
0x0000000076740000 - 0x0000000076766000 	C:\Program Files\Bonjour\mdnsNSP.dll
0x00007ffc82990000 - 0x00007ffc82a00000 	C:\Windows\System32\fwpuclnt.dll
0x00007ffc86a80000 - 0x00007ffc86aa5000 	C:\Windows\SYSTEM32\bcrypt.dll
0x00007ffc7e680000 - 0x00007ffc7e68a000 	C:\Windows\System32\rasadhlp.dll
0x00007ffc72950000 - 0x00007ffc72969000 	C:\Users\12108680\.p2\pool\plugins\org.eclipse.justj.openjdk.hotspot.jre.full.win32.x86_64_11.0.14.v20220314-1349\jre\bin\net.dll
0x00007ffc7e870000 - 0x00007ffc7e94e000 	C:\Windows\SYSTEM32\WINHTTP.dll
0x00007ffc62630000 - 0x00007ffc62643000 	C:\Users\12108680\.p2\pool\plugins\org.eclipse.justj.openjdk.hotspot.jre.full.win32.x86_64_11.0.14.v20220314-1349\jre\bin\nio.dll

dbghelp: loaded successfully - version: 4.0.5 - missing functions: none
symbol engine: initialized successfully - sym options: 0x614 - pdb path: .;C:\Users\12108680\.p2\pool\plugins\org.eclipse.justj.openjdk.hotspot.jre.full.win32.x86_64_11.0.14.v20220314-1349\jre\bin;C:\Windows\SYSTEM32;C:\Windows\WinSxS\amd64_microsoft.windows.common-controls_6595b64144ccf1df_6.0.16299.15_none_cc92fb402215d91d;C:\Users\12108680\.p2\pool\plugins\org.eclipse.justj.openjdk.hotspot.jre.full.win32.x86_64_11.0.14.v20220314-1349\jre\bin\server;C:\Program Files\Bonjour

VM Arguments:
jvm_args: -agentlib:jdwp=transport=dt_socket,suspend=y,address=localhost:65468 -javaagent:C:\Users\12108680\eclipse\java-2022-03\eclipse\configuration\org.eclipse.osgi\225\0\.cp\lib\javaagent-shaded.jar -Dfile.encoding=Cp1252 
java_command: Exercicio1.Faculdade
java_class_path (initial): C:\Users\12108680\eclipse-workspace\Projeto300\bin
Launcher Type: SUN_STANDARD

[Global flags]
     intx CICompilerCount                          = 4                                         {product} {ergonomic}
     uint ConcGCThreads                            = 2                                         {product} {ergonomic}
     uint G1ConcRefinementThreads                  = 8                                         {product} {ergonomic}
   size_t G1HeapRegionSize                         = 1048576                                   {product} {ergonomic}
    uintx GCDrainStackTargetSize                   = 64                                        {product} {ergonomic}
   size_t InitialHeapSize                          = 134217728                                 {product} {ergonomic}
   size_t MarkStackSize                            = 4194304                                   {product} {ergonomic}
   size_t MaxHeapSize                              = 2118123520                                {product} {ergonomic}
   size_t MaxNewSize                               = 1270874112                                {product} {ergonomic}
   size_t MinHeapDeltaBytes                        = 1048576                                   {product} {ergonomic}
    uintx NonNMethodCodeHeapSize                   = 5836300                                {pd product} {ergonomic}
    uintx NonProfiledCodeHeapSize                  = 122910970                              {pd product} {ergonomic}
    uintx ProfiledCodeHeapSize                     = 122910970                              {pd product} {ergonomic}
    uintx ReservedCodeCacheSize                    = 251658240                              {pd product} {ergonomic}
     bool SegmentedCodeCache                       = true                                      {product} {ergonomic}
     bool UseCompressedClassPointers               = true                                 {lp64_product} {ergonomic}
     bool UseCompressedOops                        = true                                 {lp64_product} {ergonomic}
     bool UseG1GC                                  = true                                      {product} {ergonomic}
     bool UseLargePagesIndividualAllocation        = false                                  {pd product} {ergonomic}

Logging:
Log output configuration:
 #0: stdout all=warning uptime,level,tags
 #1: stderr all=off uptime,level,tags

Environment Variables:
PATH=C:\Users\12108680\.p2\pool\plugins\org.eclipse.justj.openjdk.hotspot.jre.full.win32.x86_64_11.0.14.v20220314-1349\jre\bin;C:/Users/12108680/.p2/pool/plugins/org.eclipse.justj.openjdk.hotspot.jre.full.win32.x86_64_11.0.14.v20220314-1349/jre/bin/server;C:/Users/12108680/.p2/pool/plugins/org.eclipse.justj.openjdk.hotspot.jre.full.win32.x86_64_11.0.14.v20220314-1349/jre/bin;C:\Program Files\Microsoft\jdk-11.0.12.7-hotspot\bin;C:\Program Files (x86)\NVIDIA Corporation\PhysX\Common;C:\Program Files (x86)\Common Files\Oracle\Java\javapath;C:\Windows\system32;C:\Windows;C:\Windows\System32\Wbem;C:\Windows\System32\WindowsPowerShell\v1.0\;C:\Program Files\Microsoft SQL Server\120\Tools\Binn\;C:\Program Files\Common Files\Autodesk Shared\;C:\Program Files\MATLAB\R2012a\bin;C:\Program Files\nodejs\;C:\Program Files\Microsoft SQL Server\150\Tools\Binn\;C:\Program Files\Microsoft SQL Server\Client SDK\ODBC\170\Tools\Binn\;C:\Program Files\dotnet\;C:\Users\12108680\AppData\Local\Microsoft\WindowsApps;;C:\Users\12108680\Desktop;
USERNAME=12108680
OS=Windows_NT
PROCESSOR_IDENTIFIER=Intel64 Family 6 Model 158 Stepping 9, GenuineIntel



---------------  S Y S T E M  ---------------

OS: Windows 10 , 64 bit Build 16299 (10.0.16299.15)
OS uptime: 7 days 2:57 hours

CPU:total 8 (initial active 8) (4 cores per cpu, 2 threads per core) family 6 model 158 stepping 9 microcode 0x5e, cmov, cx8, fxsr, mmx, sse, sse2, sse3, ssse3, sse4.1, sse4.2, popcnt, avx, avx2, aes, clmul, erms, rtm, 3dnowpref, lzcnt, ht, tsc, tscinvbit, bmi1, bmi2, adx, fma

Memory: 4k page, system-wide physical 8075M (4419M free)
TotalPageFile size 13095M (AvailPageFile size 8189M)
current process WorkingSet (physical memory assigned to process): 27M, peak: 51M
current process commit charge ("private bytes"): 210M, peak: 211M

vm_info: OpenJDK 64-Bit Server VM (11.0.14.1+1) for windows-amd64 JRE (11.0.14.1+1), built on Feb  9 2022 01:48:27 by "" with unknown MS VC++:1916

END.
